[debug] [2020-06-25T07:38:23.993Z] ----------------------------------------------------------------------
[debug] [2020-06-25T07:38:23.998Z] Command:       C:\Program Files\nodejs\node.exe C:\Users\user\AppData\Roaming\npm\node_modules\firebase-tools\lib\bin\firebase.js deploy
[debug] [2020-06-25T07:38:23.999Z] CLI Version:   8.4.3
[debug] [2020-06-25T07:38:23.999Z] Platform:      win32
[debug] [2020-06-25T07:38:23.999Z] Node Version:  v12.18.0
[debug] [2020-06-25T07:38:24.001Z] Time:          Thu Jun 25 2020 14:38:23 GMT+0700 (Western Indonesia Time)
[debug] [2020-06-25T07:38:24.002Z] ----------------------------------------------------------------------
[debug] [2020-06-25T07:38:24.002Z] 
[debug] [2020-06-25T07:38:24.023Z] > command requires scopes: ["email","openid","https://www.googleapis.com/auth/cloudplatformprojects.readonly","https://www.googleapis.com/auth/firebase","https://www.googleapis.com/auth/cloud-platform"]
[debug] [2020-06-25T07:38:24.024Z] > authorizing via signed-in user
[debug] [2020-06-25T07:38:24.025Z] [iam] checking project bus-tracker-4ad97 for permissions ["firebase.projects.get","firebasedatabase.instances.update","firebasehosting.sites.update"]
[debug] [2020-06-25T07:38:24.032Z] >>> HTTP REQUEST POST https://cloudresourcemanager.googleapis.com/v1/projects/bus-tracker-4ad97:testIamPermissions  
 {"permissions":["firebase.projects.get","firebasedatabase.instances.update","firebasehosting.sites.update"]}
[debug] [2020-06-25T07:38:25.261Z] <<< HTTP RESPONSE 200 {"content-type":"application/json; charset=UTF-8","vary":"X-Origin, Referer, Origin,Accept-Encoding","date":"Thu, 25 Jun 2020 07:38:25 GMT","server":"ESF","cache-control":"private","x-xss-protection":"0","x-frame-options":"SAMEORIGIN","x-content-type-options":"nosniff","server-timing":"gfet4t7; dur=982","alt-svc":"h3-28=\":443\"; ma=2592000,h3-27=\":443\"; ma=2592000,h3-25=\":443\"; ma=2592000,h3-T050=\":443\"; ma=2592000,h3-Q050=\":443\"; ma=2592000,h3-Q049=\":443\"; ma=2592000,h3-Q048=\":443\"; ma=2592000,h3-Q046=\":443\"; ma=2592000,h3-Q043=\":443\"; ma=2592000,quic=\":443\"; ma=2592000; v=\"46,43\"","accept-ranges":"none","transfer-encoding":"chunked"}
[debug] [2020-06-25T07:38:25.265Z] >>> HTTP REQUEST GET https://firebase.googleapis.com/v1beta1/projects/bus-tracker-4ad97  
 
[debug] [2020-06-25T07:38:25.673Z] <<< HTTP RESPONSE 200 {"content-type":"application/json; charset=UTF-8","vary":"X-Origin, Referer, Origin,Accept-Encoding","date":"Thu, 25 Jun 2020 07:38:25 GMT","server":"ESF","cache-control":"private","x-xss-protection":"0","x-frame-options":"SAMEORIGIN","x-content-type-options":"nosniff","alt-svc":"h3-28=\":443\"; ma=2592000,h3-27=\":443\"; ma=2592000,h3-25=\":443\"; ma=2592000,h3-T050=\":443\"; ma=2592000,h3-Q050=\":443\"; ma=2592000,h3-Q049=\":443\"; ma=2592000,h3-Q048=\":443\"; ma=2592000,h3-Q046=\":443\"; ma=2592000,h3-Q043=\":443\"; ma=2592000,quic=\":443\"; ma=2592000; v=\"46,43\"","accept-ranges":"none","transfer-encoding":"chunked"}
[info] 
[info] === Deploying to 'bus-tracker-4ad97'...
[info] 
[info] i  deploying database, hosting 
[info] i  database: checking rules syntax... 
[debug] [2020-06-25T07:38:25.685Z] >>> HTTP REQUEST PUT https://bus-tracker-4ad97.firebaseio.com/.settings/rules.json?dryRun=true  
 {
  "rules": {
    ".read": "auth != null",
    ".write": "auth != null"
  }
}
[debug] [2020-06-25T07:38:26.964Z] <<< HTTP RESPONSE 404 {"server":"nginx","date":"Thu, 25 Jun 2020 07:38:27 GMT","content-type":"application/json; charset=utf-8","content-length":"101","connection":"keep-alive","access-control-allow-origin":"*","cache-control":"no-cache","strict-transport-security":"max-age=31556926; includeSubDomains; preload"}
[debug] [2020-06-25T07:38:26.964Z] <<< HTTP RESPONSE BODY {
  "error" : "Firebase error. Please ensure that you spelled the name of your Firebase correctly"
}

[error] 
[error] Error: Unexpected error while deploying database rules.
